c:\development\c++\componentframework3.0\componentframework\debug\vc141.pdb
c:\development\c++\componentframework3.0\componentframework\debug\vc141.idb
c:\development\c++\componentframework3.0\componentframework\debug\window.obj
c:\development\c++\componentframework3.0\componentframework\debug\vmath.obj
c:\development\c++\componentframework3.0\componentframework\debug\trackball.obj
c:\development\c++\componentframework3.0\componentframework\debug\timer.obj
c:\development\c++\componentframework3.0\componentframework\debug\shader.obj
c:\development\c++\componentframework3.0\componentframework\debug\scene0.obj
c:\development\c++\componentframework3.0\componentframework\debug\scene.obj
c:\development\c++\componentframework3.0\componentframework\debug\primitive.obj
c:\development\c++\componentframework3.0\componentframework\debug\polygon.obj
c:\development\c++\componentframework3.0\componentframework\debug\objloader.obj
c:\development\c++\componentframework3.0\componentframework\debug\mmath.obj
c:\development\c++\componentframework3.0\componentframework\debug\main.obj
c:\development\c++\componentframework3.0\componentframework\debug\model0.obj
c:\development\c++\componentframework3.0\componentframework\debug\mesh.obj
c:\development\c++\componentframework3.0\componentframework\debug\gamescenemanager.obj
c:\development\c++\componentframework3.0\componentframework\debug\debug.obj
c:\development\c++\componentframework3.0\componentframework\debug\collider.obj
c:\development\c++\componentframework3.0\componentframework\debug\body.obj
c:\development\c++\componentframework3.0\debug\componentframework.exe
c:\development\c++\componentframework3.0\debug\componentframework.ilk
c:\development\c++\componentframework3.0\debug\componentframework.pdb
c:\development\c++\componentframework3.0\componentframework\debug\collider.obj.enc
c:\development\c++\componentframework3.0\componentframework\debug\componen.f2dcb53b.tlog\cl.command.1.tlog
c:\development\c++\componentframework3.0\componentframework\debug\componen.f2dcb53b.tlog\cl.read.1.tlog
c:\development\c++\componentframework3.0\componentframework\debug\componen.f2dcb53b.tlog\cl.write.1.tlog
c:\development\c++\componentframework3.0\componentframework\debug\componen.f2dcb53b.tlog\link.command.1.tlog
c:\development\c++\componentframework3.0\componentframework\debug\componen.f2dcb53b.tlog\link.read.1.tlog
c:\development\c++\componentframework3.0\componentframework\debug\componen.f2dcb53b.tlog\link.write.1.tlog
